<?xml version="1.0" encoding="UTF-8"?>
<testsuite xmlns:xsi="http://www.w3.org/2001/XMLSchema-instance" xsi:noNamespaceSchemaLocation="https://maven.apache.org/surefire/maven-surefire-plugin/xsd/surefire-test-report.xsd" name="TestSuite" time="732.848" tests="13" errors="0" skipped="0" failures="1">
  <properties>
[...]
</properties>
  <testcase name="verifyContactsPageLabelTest" classname="com.qa.testcases.ContactsPageTest" time="5.275"/>
  <testcase name="selectContactsTest" classname="com.qa.testcases.ContactsPageTest" time="1.763"/>
  <testcase name="validateCreateNewContact" classname="com.qa.testcases.ContactsPageTest" time="8.433"/>
  <testcase name="validateCreateNewContact" classname="com.qa.testcases.ContactsPageTest" time="11.471"/>
  <testcase name="validateCreateNewContact" classname="com.qa.testcases.ContactsPageTest" time="13.261">
    <failure message="Cannot invoke &quot;com.crm.qa.util.TestUtil.takeScreenshotAtEndOfTest()&quot; because &quot;com.crm.qa.util.WebEventListener.TestUtil&quot; is null" type="java.lang.NullPointerException">java.lang.NullPointerException: Cannot invoke "com.crm.qa.util.TestUtil.takeScreenshotAtEndOfTest()" because "com.crm.qa.util.WebEventListener.TestUtil" is null
	at com.qa.testcases.ContactsPageTest.validateCreateNewContact(ContactsPageTest.java:61)
</failure>
    <system-out><![CDATA[Before Navigating to: 'https://ui.cogmento.com/'
Navigated to: 'https://ui.cogmento.com/'
Trying to click on : [[ChromeDriver: chrome on WINDOWS (7f31e0e5885db16c974eb5f3f728d9d0)] -> xpath: //*[@id="ui"]/div/div/form/div/div[3]]
clicked on : [[ChromeDriver: chrome on WINDOWS (7f31e0e5885db16c974eb5f3f728d9d0)] -> xpath: //*[@id="ui"]/div/div/form/div/div[3]]
Trying to click on : [[ChromeDriver: chrome on WINDOWS (7f31e0e5885db16c974eb5f3f728d9d0)] -> xpath: //*[@id="main-nav"]/div[3]/a/span]
clicked on : [[ChromeDriver: chrome on WINDOWS (7f31e0e5885db16c974eb5f3f728d9d0)] -> xpath: //*[@id="main-nav"]/div[3]/a/span]
Trying to click on : [[ChromeDriver: chrome on WINDOWS (7f31e0e5885db16c974eb5f3f728d9d0)] -> xpath: //*[@id="main-nav"]/div[3]/a/span]
clicked on : [[ChromeDriver: chrome on WINDOWS (7f31e0e5885db16c974eb5f3f728d9d0)] -> xpath: //*[@id="main-nav"]/div[3]/a/span]
Trying to click on : [[ChromeDriver: chrome on WINDOWS (7f31e0e5885db16c974eb5f3f728d9d0)] -> xpath: //*[@id="main-nav"]/div[3]/a/span]
clicked on : [[ChromeDriver: chrome on WINDOWS (7f31e0e5885db16c974eb5f3f728d9d0)] -> xpath: //*[@id="main-nav"]/div[3]/a/span]
Trying to click on : [[ChromeDriver: chrome on WINDOWS (7f31e0e5885db16c974eb5f3f728d9d0)] -> xpath: //*[@id="dashboard-toolbar"]/div[2]/div/a/button]
clicked on : [[ChromeDriver: chrome on WINDOWS (7f31e0e5885db16c974eb5f3f728d9d0)] -> xpath: //*[@id="dashboard-toolbar"]/div[2]/div/a/button]
Exception Occured: org.openqa.selenium.NoSuchElementException: no such element: Unable to locate element: {"method":"css selector","selector":"*[name='first_name']"}
  (Session info: chrome=92.0.4515.131)
For documentation on this error, please visit: https://www.seleniumhq.org/exceptions/no_such_element.html
Build info: version: '3.141.59', revision: 'e82be7d358', time: '2018-11-14T08:17:03'
System info: host: 'DESKTOP-83DRFKP', ip: '192.168.43.160', os.name: 'Windows 10', os.arch: 'amd64', os.version: '10.0', java.version: '15.0.1'
Driver info: org.openqa.selenium.chrome.ChromeDriver
Capabilities {acceptInsecureCerts: false, browserName: chrome, browserVersion: 92.0.4515.131, chrome: {chromedriverVersion: 91.0.4472.101 (af52a90bf870..., userDataDir: C:\Users\PANDUR~1\AppData\L...}, goog:chromeOptions: {debuggerAddress: localhost:53461}, javascriptEnabled: true, networkConnectionEnabled: false, pageLoadStrategy: normal, platform: WINDOWS, platformName: WINDOWS, proxy: Proxy(), setWindowRect: true, strictFileInteractability: false, timeouts: {implicit: 0, pageLoad: 300000, script: 30000}, unhandledPromptBehavior: dismiss and notify, webauthn:extension:largeBlob: true, webauthn:virtualAuthenticators: true}
Session ID: 7f31e0e5885db16c974eb5f3f728d9d0
*** Element info: {Using=name, value=first_name}
]]></system-out>
    <system-err><![CDATA[Starting ChromeDriver 91.0.4472.101 (af52a90bf87030dd1523486a1cd3ae25c5d76c9b-refs/branch-heads/4472@{#1462}) on port 38145
Only local connections are allowed.
Please see https://chromedriver.chromium.org/security-considerations for suggestions on keeping ChromeDriver safe.
ChromeDriver was started successfully.
[1629358917.818][WARNING]: This version of ChromeDriver has not been tested with Chrome version 92.
Aug 19, 2021 1:12:00 PM org.openqa.selenium.remote.ProtocolHandshake createSession
INFO: Detected dialect: W3C
]]></system-err>
  </testcase>
  <testcase name="validateCreateNewContact" classname="com.qa.testcases.ContactsPageTest" time="6.668"/>
  <testcase name="verifyHomePageTitleTest" classname="com.qa.testcases.HomePageTest" time="0.021"/>
  <testcase name="verifyUserNameTest" classname="com.qa.testcases.HomePageTest" time="9.279"/>
  <testcase name="verifyHomePagecrmLOGOTest" classname="com.qa.testcases.HomePageTest" time="4.615"/>
  <testcase name="verifyContactsLinkTest" classname="com.qa.testcases.HomePageTest" time="6.068"/>
  <testcase name="loginPageTitleTest" classname="com.qa.testcases.LoginPageTest" time="0.031"/>
  <testcase name="ForgotPwdLinkTest" classname="com.qa.testcases.LoginPageTest" time="0.589"/>
  <testcase name="loginTest" classname="com.qa.testcases.LoginPageTest" time="13.098"/>
</testsuite>